<?xml version="1.0" encoding="UTF-8"?>
<!-- Generated by org.testng.reporters.JUnitReportReporter -->
<testsuite skipped="0" hostname="BHLX0021" name="Baseclass" tests="1" failures="0" timestamp="2021-04-23T15:39:45 IST" time="8.213" errors="0">
  <testcase name="ChromePBrowser" time="8.213" classname="Baseclass"/>
  <system-out/>
</testsuite> <!-- Baseclass -->
