<?xml version="1.0" encoding="UTF-8"?>
<!-- Generated by org.testng.reporters.JUnitReportReporter -->
<testsuite skipped="0" hostname="BHLX0021" name="Baseclass" tests="1" failures="0" timestamp="2021-04-23T14:47:36 IST" time="10.985" errors="0">
  <testcase name="ChromePBrowser" time="10.985" classname="Baseclass"/>
  <system-out/>
</testsuite> <!-- Baseclass -->
